2015-10-02 13:01:21.927  INFO 5180 --- [Test worker] es.unizar.webeng.hello.IntegrationTests  : Starting IntegrationTests on Dieestex with PID 5180 (C:\Users\Alejandro\hello\build\classes\test started by Alejandro in C:\Users\Alejandro\hello)
2015-10-02 13:01:22.112  INFO 5180 --- [Test worker] o.s.w.c.s.GenericWebApplicationContext   : Refreshing org.springframework.web.context.support.GenericWebApplicationContext@733f555c: startup date [Fri Oct 02 13:01:22 CEST 2015]; root of context hierarchy
2015-10-02 13:01:23.441  INFO 5180 --- [Test worker] o.s.b.f.s.DefaultListableBeanFactory     : Overriding bean definition for bean 'beanNameViewResolver': replacing [Root bean: class [null]; scope=; abstract=false; lazyInit=false; autowireMode=3; dependencyCheck=0; autowireCandidate=true; primary=false; factoryBeanName=org.springframework.boot.autoconfigure.web.ErrorMvcAutoConfiguration$WhitelabelErrorViewConfiguration; factoryMethodName=beanNameViewResolver; initMethodName=null; destroyMethodName=(inferred); defined in class path resource [org/springframework/boot/autoconfigure/web/ErrorMvcAutoConfiguration$WhitelabelErrorViewConfiguration.class]] with [Root bean: class [null]; scope=; abstract=false; lazyInit=false; autowireMode=3; dependencyCheck=0; autowireCandidate=true; primary=false; factoryBeanName=org.springframework.boot.autoconfigure.web.WebMvcAutoConfiguration$WebMvcAutoConfigurationAdapter; factoryMethodName=beanNameViewResolver; initMethodName=null; destroyMethodName=(inferred); defined in class path resource [org/springframework/boot/autoconfigure/web/WebMvcAutoConfiguration$WebMvcAutoConfigurationAdapter.class]]
2015-10-02 13:01:24.171  INFO 5180 --- [Test worker] trationDelegate$BeanPostProcessorChecker : Bean 'org.springframework.scheduling.annotation.SchedulingConfiguration' of type [class org.springframework.scheduling.annotation.SchedulingConfiguration$$EnhancerBySpringCGLIB$$3c0d8d2a] is not eligible for getting processed by all BeanPostProcessors (for example: not eligible for auto-proxying)
2015-10-02 13:01:25.903  INFO 5180 --- [Test worker] s.w.s.m.m.a.RequestMappingHandlerAdapter : Looking for @ControllerAdvice: org.springframework.web.context.support.GenericWebApplicationContext@733f555c: startup date [Fri Oct 02 13:01:22 CEST 2015]; root of context hierarchy
2015-10-02 13:01:25.994  INFO 5180 --- [Test worker] s.w.s.m.m.a.RequestMappingHandlerMapping : Mapped "{[/],methods=[POST]}" onto public java.lang.String es.unizar.webeng.hello.HelloController.userdata()
2015-10-02 13:01:25.995  INFO 5180 --- [Test worker] s.w.s.m.m.a.RequestMappingHandlerMapping : Mapped "{[/],methods=[GET]}" onto public java.lang.String es.unizar.webeng.hello.HelloController.welcome(java.util.Map<java.lang.String, java.lang.Object>)
2015-10-02 13:01:25.997  INFO 5180 --- [Test worker] s.w.s.m.m.a.RequestMappingHandlerMapping : Mapped "{[/error]}" onto public org.springframework.http.ResponseEntity<java.util.Map<java.lang.String, java.lang.Object>> org.springframework.boot.autoconfigure.web.BasicErrorController.error(javax.servlet.http.HttpServletRequest)
2015-10-02 13:01:25.998  INFO 5180 --- [Test worker] s.w.s.m.m.a.RequestMappingHandlerMapping : Mapped "{[/error],produces=[text/html]}" onto public org.springframework.web.servlet.ModelAndView org.springframework.boot.autoconfigure.web.BasicErrorController.errorHtml(javax.servlet.http.HttpServletRequest)
2015-10-02 13:01:26.027  INFO 5180 --- [Test worker] o.s.w.s.handler.SimpleUrlHandlerMapping  : Mapped URL path [/webjars/**] onto handler of type [class org.springframework.web.servlet.resource.ResourceHttpRequestHandler]
2015-10-02 13:01:26.027  INFO 5180 --- [Test worker] o.s.w.s.handler.SimpleUrlHandlerMapping  : Mapped URL path [/**] onto handler of type [class org.springframework.web.servlet.resource.ResourceHttpRequestHandler]
2015-10-02 13:01:26.115  INFO 5180 --- [Test worker] o.s.w.s.handler.SimpleUrlHandlerMapping  : Mapped URL path [/**/favicon.ico] onto handler of type [class org.springframework.web.servlet.resource.ResourceHttpRequestHandler]
2015-10-02 13:01:26.265  INFO 5180 --- [pool-1-thread-1] es.unizar.webeng.hello.HelloController   : Fri Oct 02 13:01:26 CEST 2015: Server has been running for 0 seconds
2015-10-02 13:01:26.267  INFO 5180 --- [pool-1-thread-1] es.unizar.webeng.hello.HelloController   : 0 resquests have been made since the server started
2015-10-02 13:01:26.270  INFO 5180 --- [Test worker] es.unizar.webeng.hello.IntegrationTests  : Started IntegrationTests in 4.969 seconds (JVM running for 11.203)
2015-10-02 13:01:26.302  INFO 5180 --- [Test worker] o.s.mock.web.MockServletContext          : Initializing Spring FrameworkServlet ''
2015-10-02 13:01:26.303  INFO 5180 --- [Test worker] o.s.t.web.servlet.TestDispatcherServlet  : FrameworkServlet '': initialization started
2015-10-02 13:01:26.329  INFO 5180 --- [Test worker] o.s.t.web.servlet.TestDispatcherServlet  : FrameworkServlet '': initialization completed in 26 ms
2015-10-02 13:01:26.500  INFO 5180 --- [Test worker] o.s.t.c.web.WebTestContextBootstrapper   : Could not instantiate TestExecutionListener [org.springframework.test.context.transaction.TransactionalTestExecutionListener]. Specify custom listener classes or make the default listener classes (and their required dependencies) available. Offending class: [org/springframework/transaction/interceptor/TransactionAttributeSource]
2015-10-02 13:01:26.501  INFO 5180 --- [Test worker] o.s.t.c.web.WebTestContextBootstrapper   : Could not instantiate TestExecutionListener [org.springframework.test.context.jdbc.SqlScriptsTestExecutionListener]. Specify custom listener classes or make the default listener classes (and their required dependencies) available. Offending class: [org/springframework/transaction/interceptor/TransactionAttribute]
2015-10-02 13:01:26.502  INFO 5180 --- [Test worker] o.s.t.c.web.WebTestContextBootstrapper   : Using TestExecutionListeners: [org.springframework.boot.test.IntegrationTestPropertiesListener@46bcafe3, org.springframework.test.context.support.DependencyInjectionTestExecutionListener@7429e5d, org.springframework.test.context.support.DirtiesContextTestExecutionListener@502d6f4d]
2015-10-02 13:01:26.577  INFO 5180 --- [Test worker] es.unizar.webeng.hello.SystemTests       : Starting SystemTests on Dieestex with PID 5180 (C:\Users\Alejandro\hello\build\classes\test started by Alejandro in C:\Users\Alejandro\hello)
2015-10-02 13:01:26.580  INFO 5180 --- [Test worker] ationConfigEmbeddedWebApplicationContext : Refreshing org.springframework.boot.context.embedded.AnnotationConfigEmbeddedWebApplicationContext@5048263: startup date [Fri Oct 02 13:01:26 CEST 2015]; root of context hierarchy
2015-10-02 13:01:26.876  INFO 5180 --- [Test worker] o.s.b.f.s.DefaultListableBeanFactory     : Overriding bean definition for bean 'beanNameViewResolver': replacing [Root bean: class [null]; scope=; abstract=false; lazyInit=false; autowireMode=3; dependencyCheck=0; autowireCandidate=true; primary=false; factoryBeanName=org.springframework.boot.autoconfigure.web.ErrorMvcAutoConfiguration$WhitelabelErrorViewConfiguration; factoryMethodName=beanNameViewResolver; initMethodName=null; destroyMethodName=(inferred); defined in class path resource [org/springframework/boot/autoconfigure/web/ErrorMvcAutoConfiguration$WhitelabelErrorViewConfiguration.class]] with [Root bean: class [null]; scope=; abstract=false; lazyInit=false; autowireMode=3; dependencyCheck=0; autowireCandidate=true; primary=false; factoryBeanName=org.springframework.boot.autoconfigure.web.WebMvcAutoConfiguration$WebMvcAutoConfigurationAdapter; factoryMethodName=beanNameViewResolver; initMethodName=null; destroyMethodName=(inferred); defined in class path resource [org/springframework/boot/autoconfigure/web/WebMvcAutoConfiguration$WebMvcAutoConfigurationAdapter.class]]
2015-10-02 13:01:26.913  INFO 5180 --- [Test worker] trationDelegate$BeanPostProcessorChecker : Bean 'org.springframework.scheduling.annotation.SchedulingConfiguration' of type [class org.springframework.scheduling.annotation.SchedulingConfiguration$$EnhancerBySpringCGLIB$$3c0d8d2a] is not eligible for getting processed by all BeanPostProcessors (for example: not eligible for auto-proxying)
2015-10-02 13:01:27.520  INFO 5180 --- [Test worker] s.b.c.e.t.TomcatEmbeddedServletContainer : Tomcat initialized with port(s): 0 (http)
2015-10-02 13:01:28.001  INFO 5180 --- [Test worker] o.apache.catalina.core.StandardService   : Starting service Tomcat
2015-10-02 13:01:28.003  INFO 5180 --- [Test worker] org.apache.catalina.core.StandardEngine  : Starting Servlet Engine: Apache Tomcat/8.0.26
2015-10-02 13:01:28.626  INFO 5180 --- [localhost-startStop-1] org.apache.jasper.servlet.TldScanner     : At least one JAR was scanned for TLDs yet contained no TLDs. Enable debug logging for this logger for a complete list of JARs that were scanned but no TLDs were found in them. Skipping unneeded JARs during scanning can improve startup time and JSP compilation time.
2015-10-02 13:01:28.636  INFO 5180 --- [localhost-startStop-1] o.a.c.c.C.[Tomcat].[localhost].[/]       : Initializing Spring embedded WebApplicationContext
2015-10-02 13:01:28.636  INFO 5180 --- [localhost-startStop-1] o.s.web.context.ContextLoader            : Root WebApplicationContext: initialization completed in 2056 ms
2015-10-02 13:01:28.813  INFO 5180 --- [localhost-startStop-1] o.s.b.c.e.ServletRegistrationBean        : Mapping servlet: 'dispatcherServlet' to [/]
2015-10-02 13:01:28.823  INFO 5180 --- [localhost-startStop-1] o.s.b.c.embedded.FilterRegistrationBean  : Mapping filter: 'characterEncodingFilter' to: [/*]
2015-10-02 13:01:28.825  INFO 5180 --- [localhost-startStop-1] o.s.b.c.embedded.FilterRegistrationBean  : Mapping filter: 'hiddenHttpMethodFilter' to: [/*]
2015-10-02 13:01:28.941  INFO 5180 --- [Test worker] s.w.s.m.m.a.RequestMappingHandlerAdapter : Looking for @ControllerAdvice: org.springframework.boot.context.embedded.AnnotationConfigEmbeddedWebApplicationContext@5048263: startup date [Fri Oct 02 13:01:26 CEST 2015]; root of context hierarchy
2015-10-02 13:01:28.949  INFO 5180 --- [Test worker] s.w.s.m.m.a.RequestMappingHandlerMapping : Mapped "{[/],methods=[POST]}" onto public java.lang.String es.unizar.webeng.hello.HelloController.userdata()
2015-10-02 13:01:28.949  INFO 5180 --- [Test worker] s.w.s.m.m.a.RequestMappingHandlerMapping : Mapped "{[/],methods=[GET]}" onto public java.lang.String es.unizar.webeng.hello.HelloController.welcome(java.util.Map<java.lang.String, java.lang.Object>)
2015-10-02 13:01:28.952  INFO 5180 --- [Test worker] s.w.s.m.m.a.RequestMappingHandlerMapping : Mapped "{[/error]}" onto public org.springframework.http.ResponseEntity<java.util.Map<java.lang.String, java.lang.Object>> org.springframework.boot.autoconfigure.web.BasicErrorController.error(javax.servlet.http.HttpServletRequest)
2015-10-02 13:01:28.952  INFO 5180 --- [Test worker] s.w.s.m.m.a.RequestMappingHandlerMapping : Mapped "{[/error],produces=[text/html]}" onto public org.springframework.web.servlet.ModelAndView org.springframework.boot.autoconfigure.web.BasicErrorController.errorHtml(javax.servlet.http.HttpServletRequest)
2015-10-02 13:01:28.965  INFO 5180 --- [Test worker] o.s.w.s.handler.SimpleUrlHandlerMapping  : Mapped URL path [/webjars/**] onto handler of type [class org.springframework.web.servlet.resource.ResourceHttpRequestHandler]
2015-10-02 13:01:28.965  INFO 5180 --- [Test worker] o.s.w.s.handler.SimpleUrlHandlerMapping  : Mapped URL path [/**] onto handler of type [class org.springframework.web.servlet.resource.ResourceHttpRequestHandler]
2015-10-02 13:01:28.980  INFO 5180 --- [Test worker] o.s.w.s.handler.SimpleUrlHandlerMapping  : Mapped URL path [/**/favicon.ico] onto handler of type [class org.springframework.web.servlet.resource.ResourceHttpRequestHandler]
2015-10-02 13:01:28.993  INFO 5180 --- [pool-2-thread-1] es.unizar.webeng.hello.HelloController   : Fri Oct 02 13:01:28 CEST 2015: Server has been running for 0 seconds
2015-10-02 13:01:28.995  INFO 5180 --- [pool-2-thread-1] es.unizar.webeng.hello.HelloController   : 0 resquests have been made since the server started
2015-10-02 13:01:29.333  INFO 5180 --- [Test worker] s.b.c.e.t.TomcatEmbeddedServletContainer : Tomcat started on port(s): 49404 (http)
2015-10-02 13:01:29.337  INFO 5180 --- [Test worker] es.unizar.webeng.hello.SystemTests       : Started SystemTests in 2.825 seconds (JVM running for 14.27)
2015-10-02 13:01:29.660  INFO 5180 --- [http-nio-auto-1-exec-1] o.a.c.c.C.[Tomcat].[localhost].[/]       : Initializing Spring FrameworkServlet 'dispatcherServlet'
2015-10-02 13:01:29.660  INFO 5180 --- [http-nio-auto-1-exec-1] o.s.web.servlet.DispatcherServlet        : FrameworkServlet 'dispatcherServlet': initialization started
2015-10-02 13:01:29.663  INFO 5180 --- [http-nio-auto-1-exec-1] o.s.web.servlet.DispatcherServlet        : FrameworkServlet 'dispatcherServlet': initialization completed in 2 ms
2015-10-02 13:01:31.471  INFO 5180 --- [Test worker] ationConfigEmbeddedWebApplicationContext : Closing org.springframework.boot.context.embedded.AnnotationConfigEmbeddedWebApplicationContext@5048263: startup date [Fri Oct 02 13:01:26 CEST 2015]; root of context hierarchy
2015-10-02 13:01:31.634  INFO 5180 --- [Test worker] o.s.t.c.s.DefaultTestContextBootstrapper : Loaded default TestExecutionListener class names from location [META-INF/spring.factories]: [org.springframework.test.context.web.ServletTestExecutionListener, org.springframework.test.context.support.DependencyInjectionTestExecutionListener, org.springframework.test.context.support.DirtiesContextTestExecutionListener, org.springframework.test.context.transaction.TransactionalTestExecutionListener, org.springframework.test.context.jdbc.SqlScriptsTestExecutionListener]
2015-10-02 13:01:31.636  INFO 5180 --- [Test worker] o.s.t.c.s.DefaultTestContextBootstrapper : Could not instantiate TestExecutionListener [org.springframework.test.context.jdbc.SqlScriptsTestExecutionListener]. Specify custom listener classes or make the default listener classes (and their required dependencies) available. Offending class: [org/springframework/transaction/interceptor/TransactionAttribute]
2015-10-02 13:01:31.637  INFO 5180 --- [Test worker] o.s.t.c.s.DefaultTestContextBootstrapper : Could not instantiate TestExecutionListener [org.springframework.test.context.transaction.TransactionalTestExecutionListener]. Specify custom listener classes or make the default listener classes (and their required dependencies) available. Offending class: [org/springframework/transaction/interceptor/TransactionAttributeSource]
2015-10-02 13:01:31.639  INFO 5180 --- [Test worker] o.s.t.c.s.DefaultTestContextBootstrapper : Using TestExecutionListeners: [org.springframework.test.context.web.ServletTestExecutionListener@6377aa8, org.springframework.test.context.support.DependencyInjectionTestExecutionListener@6aff87b4, org.springframework.test.context.support.DirtiesContextTestExecutionListener@13879f78]
2015-10-02 13:01:31.743  INFO 5180 --- [Test worker] es.unizar.webeng.hello.UnitTest          : Starting UnitTest on Dieestex with PID 5180 (C:\Users\Alejandro\hello\build\classes\test started by Alejandro in C:\Users\Alejandro\hello)
2015-10-02 13:01:31.747  INFO 5180 --- [Test worker] s.c.a.AnnotationConfigApplicationContext : Refreshing org.springframework.context.annotation.AnnotationConfigApplicationContext@6c31219f: startup date [Fri Oct 02 13:01:31 CEST 2015]; root of context hierarchy
2015-10-02 13:01:32.048  INFO 5180 --- [Test worker] trationDelegate$BeanPostProcessorChecker : Bean 'org.springframework.scheduling.annotation.SchedulingConfiguration' of type [class org.springframework.scheduling.annotation.SchedulingConfiguration$$EnhancerBySpringCGLIB$$3c0d8d2a] is not eligible for getting processed by all BeanPostProcessors (for example: not eligible for auto-proxying)
2015-10-02 13:01:32.110  INFO 5180 --- [Test worker] es.unizar.webeng.hello.UnitTest          : Started UnitTest in 0.465 seconds (JVM running for 17.043)
2015-10-02 13:01:32.111  INFO 5180 --- [pool-3-thread-1] es.unizar.webeng.hello.HelloController   : Fri Oct 02 13:01:32 CEST 2015: Server has been running for 0 seconds
2015-10-02 13:01:32.113  INFO 5180 --- [pool-3-thread-1] es.unizar.webeng.hello.HelloController   : 0 resquests have been made since the server started
